<?xml version="1.0" encoding="UTF-8"?>
<!-- Generated by org.testng.reporters.JUnitReportReporter -->
<testsuite hostname="Chalapthi143bi" failures="0" tests="1" name="driverFactory.AppTest" time="62.613" errors="0" timestamp="2024-05-25T14:34:02 IST" skipped="0">
  <testcase classname="driverFactory.AppTest" name="kickStart" time="62.613"/>
  <system-out>
    <![CDATA[Supplier-00000003401  Supplier-00000003401]]>
  </system-out>
</testsuite> <!-- driverFactory.AppTest -->
